INFO  Start processing
INFO  Hexo is running at http://localhost:80/. Press Ctrl+C to stop.
INFO  Farewell
INFO  Start processing
INFO  Hexo is running at http://localhost:80/. Press Ctrl+C to stop.
TypeError: Cannot read property '_id' of undefined
    at /home/ubuntu/hexo/blog/node_modules/hexo-hey/api.js:127:19
    at tryCatcher (/home/ubuntu/hexo/blog/node_modules/bluebird/js/release/util.js:16:23)
    at Promise._settlePromiseFromHandler (/home/ubuntu/hexo/blog/node_modules/bluebird/js/release/promise.js:510:31)
    at Promise._settlePromise (/home/ubuntu/hexo/blog/node_modules/bluebird/js/release/promise.js:567:18)
    at Promise._settlePromise0 (/home/ubuntu/hexo/blog/node_modules/bluebird/js/release/promise.js:612:10)
    at Promise._settlePromises (/home/ubuntu/hexo/blog/node_modules/bluebird/js/release/promise.js:691:18)
    at Async._drainQueue (/home/ubuntu/hexo/blog/node_modules/bluebird/js/release/async.js:133:16)
    at Async._drainQueues (/home/ubuntu/hexo/blog/node_modules/bluebird/js/release/async.js:143:10)
    at Immediate.Async.drainQueues (/home/ubuntu/hexo/blog/node_modules/bluebird/js/release/async.js:17:14)
    at runCallback (timers.js:666:20)
    at tryOnImmediate (timers.js:639:5)
    at processImmediate [as _immediateCallback] (timers.js:611:5)
TypeError: The header content contains invalid characters
    at ServerResponse.setHeader (_http_outgoing.js:374:11)
    at /home/ubuntu/hexo/blog/node_modules/hexo-server/lib/middlewares/route.js:27:11
    at call (/home/ubuntu/hexo/blog/node_modules/connect/index.js:239:7)
    at next (/home/ubuntu/hexo/blog/node_modules/connect/index.js:183:5)
    at /home/ubuntu/hexo/blog/node_modules/hexo-server/lib/middlewares/header.js:9:5
    at call (/home/ubuntu/hexo/blog/node_modules/connect/index.js:239:7)
    at next (/home/ubuntu/hexo/blog/node_modules/connect/index.js:183:5)
    at next (/home/ubuntu/hexo/blog/node_modules/connect/index.js:161:14)
    at call (/home/ubuntu/hexo/blog/node_modules/connect/index.js:248:3)
    at next (/home/ubuntu/hexo/blog/node_modules/connect/index.js:183:5)
    at next (/home/ubuntu/hexo/blog/node_modules/connect/index.js:161:14)
    at /home/ubuntu/hexo/blog/node_modules/hexo-hey/index.js:55:5
    at call (/home/ubuntu/hexo/blog/node_modules/connect/index.js:239:7)
    at next (/home/ubuntu/hexo/blog/node_modules/connect/index.js:183:5)
    at jsonParser (/home/ubuntu/hexo/blog/node_modules/body-parser/lib/types/json.js:103:7)
    at call (/home/ubuntu/hexo/blog/node_modules/connect/index.js:239:7)
    at next (/home/ubuntu/hexo/blog/node_modules/connect/index.js:183:5)
    at urlencodedParser (/home/ubuntu/hexo/blog/node_modules/body-parser/lib/types/urlencoded.js:91:7)
    at call (/home/ubuntu/hexo/blog/node_modules/connect/index.js:239:7)
    at next (/home/ubuntu/hexo/blog/node_modules/connect/index.js:183:5)
    at next (/home/ubuntu/hexo/blog/node_modules/connect/index.js:161:14)
    at Function.handle (/home/ubuntu/hexo/blog/node_modules/connect/index.js:186:3)
TypeError: The header content contains invalid characters
    at ServerResponse.setHeader (_http_outgoing.js:374:11)
    at /home/ubuntu/hexo/blog/node_modules/hexo-server/lib/middlewares/route.js:27:11
    at call (/home/ubuntu/hexo/blog/node_modules/connect/index.js:239:7)
    at next (/home/ubuntu/hexo/blog/node_modules/connect/index.js:183:5)
    at /home/ubuntu/hexo/blog/node_modules/hexo-server/lib/middlewares/header.js:9:5
    at call (/home/ubuntu/hexo/blog/node_modules/connect/index.js:239:7)
    at next (/home/ubuntu/hexo/blog/node_modules/connect/index.js:183:5)
    at next (/home/ubuntu/hexo/blog/node_modules/connect/index.js:161:14)
    at call (/home/ubuntu/hexo/blog/node_modules/connect/index.js:248:3)
    at next (/home/ubuntu/hexo/blog/node_modules/connect/index.js:183:5)
    at next (/home/ubuntu/hexo/blog/node_modules/connect/index.js:161:14)
    at /home/ubuntu/hexo/blog/node_modules/hexo-hey/index.js:55:5
    at call (/home/ubuntu/hexo/blog/node_modules/connect/index.js:239:7)
    at next (/home/ubuntu/hexo/blog/node_modules/connect/index.js:183:5)
    at jsonParser (/home/ubuntu/hexo/blog/node_modules/body-parser/lib/types/json.js:103:7)
    at call (/home/ubuntu/hexo/blog/node_modules/connect/index.js:239:7)
    at next (/home/ubuntu/hexo/blog/node_modules/connect/index.js:183:5)
    at urlencodedParser (/home/ubuntu/hexo/blog/node_modules/body-parser/lib/types/urlencoded.js:91:7)
    at call (/home/ubuntu/hexo/blog/node_modules/connect/index.js:239:7)
    at next (/home/ubuntu/hexo/blog/node_modules/connect/index.js:183:5)
    at next (/home/ubuntu/hexo/blog/node_modules/connect/index.js:161:14)
    at Function.handle (/home/ubuntu/hexo/blog/node_modules/connect/index.js:186:3)
TypeError: Cannot read property '_id' of undefined
    at /home/ubuntu/hexo/blog/node_modules/hexo-hey/api.js:127:19
    at tryCatcher (/home/ubuntu/hexo/blog/node_modules/bluebird/js/release/util.js:16:23)
    at Promise._settlePromiseFromHandler (/home/ubuntu/hexo/blog/node_modules/bluebird/js/release/promise.js:510:31)
    at Promise._settlePromise (/home/ubuntu/hexo/blog/node_modules/bluebird/js/release/promise.js:567:18)
    at Promise._settlePromise0 (/home/ubuntu/hexo/blog/node_modules/bluebird/js/release/promise.js:612:10)
    at Promise._settlePromises (/home/ubuntu/hexo/blog/node_modules/bluebird/js/release/promise.js:691:18)
    at Promise._fulfill (/home/ubuntu/hexo/blog/node_modules/bluebird/js/release/promise.js:636:18)
    at Promise._settlePromise (/home/ubuntu/hexo/blog/node_modules/bluebird/js/release/promise.js:580:21)
    at Promise._settlePromise0 (/home/ubuntu/hexo/blog/node_modules/bluebird/js/release/promise.js:612:10)
    at Promise._settlePromises (/home/ubuntu/hexo/blog/node_modules/bluebird/js/release/promise.js:691:18)
    at Promise._fulfill (/home/ubuntu/hexo/blog/node_modules/bluebird/js/release/promise.js:636:18)
    at MappingPromiseArray.PromiseArray._resolve (/home/ubuntu/hexo/blog/node_modules/bluebird/js/release/promise_array.js:125:19)
    at MappingPromiseArray._promiseFulfilled (/home/ubuntu/hexo/blog/node_modules/bluebird/js/release/map.js:101:18)
    at Promise._settlePromise (/home/ubuntu/hexo/blog/node_modules/bluebird/js/release/promise.js:572:26)
    at Promise._settlePromise0 (/home/ubuntu/hexo/blog/node_modules/bluebird/js/release/promise.js:612:10)
    at Promise._settlePromises (/home/ubuntu/hexo/blog/node_modules/bluebird/js/release/promise.js:691:18)
    at Async._drainQueue (/home/ubuntu/hexo/blog/node_modules/bluebird/js/release/async.js:133:16)
    at Async._drainQueues (/home/ubuntu/hexo/blog/node_modules/bluebird/js/release/async.js:143:10)
    at Immediate.Async.drainQueues (/home/ubuntu/hexo/blog/node_modules/bluebird/js/release/async.js:17:14)
    at runCallback (timers.js:666:20)
    at tryOnImmediate (timers.js:639:5)
    at processImmediate [as _immediateCallback] (timers.js:611:5)
TypeError: Cannot read property '_id' of undefined
    at /home/ubuntu/hexo/blog/node_modules/hexo-hey/api.js:127:19
    at tryCatcher (/home/ubuntu/hexo/blog/node_modules/bluebird/js/release/util.js:16:23)
    at Promise._settlePromiseFromHandler (/home/ubuntu/hexo/blog/node_modules/bluebird/js/release/promise.js:510:31)
    at Promise._settlePromise (/home/ubuntu/hexo/blog/node_modules/bluebird/js/release/promise.js:567:18)
    at Promise._settlePromise0 (/home/ubuntu/hexo/blog/node_modules/bluebird/js/release/promise.js:612:10)
    at Promise._settlePromises (/home/ubuntu/hexo/blog/node_modules/bluebird/js/release/promise.js:691:18)
    at Promise._fulfill (/home/ubuntu/hexo/blog/node_modules/bluebird/js/release/promise.js:636:18)
    at Promise._settlePromise (/home/ubuntu/hexo/blog/node_modules/bluebird/js/release/promise.js:580:21)
    at Promise._settlePromise0 (/home/ubuntu/hexo/blog/node_modules/bluebird/js/release/promise.js:612:10)
    at Promise._settlePromises (/home/ubuntu/hexo/blog/node_modules/bluebird/js/release/promise.js:691:18)
    at Promise._fulfill (/home/ubuntu/hexo/blog/node_modules/bluebird/js/release/promise.js:636:18)
    at MappingPromiseArray.PromiseArray._resolve (/home/ubuntu/hexo/blog/node_modules/bluebird/js/release/promise_array.js:125:19)
    at MappingPromiseArray._promiseFulfilled (/home/ubuntu/hexo/blog/node_modules/bluebird/js/release/map.js:101:18)
    at Promise._settlePromise (/home/ubuntu/hexo/blog/node_modules/bluebird/js/release/promise.js:572:26)
    at Promise._settlePromise0 (/home/ubuntu/hexo/blog/node_modules/bluebird/js/release/promise.js:612:10)
    at Promise._settlePromises (/home/ubuntu/hexo/blog/node_modules/bluebird/js/release/promise.js:691:18)
    at Async._drainQueue (/home/ubuntu/hexo/blog/node_modules/bluebird/js/release/async.js:133:16)
    at Async._drainQueues (/home/ubuntu/hexo/blog/node_modules/bluebird/js/release/async.js:143:10)
    at Immediate.Async.drainQueues (/home/ubuntu/hexo/blog/node_modules/bluebird/js/release/async.js:17:14)
    at runCallback (timers.js:666:20)
    at tryOnImmediate (timers.js:639:5)
    at processImmediate [as _immediateCallback] (timers.js:611:5)
TypeError: Cannot read property '_id' of undefined
    at /home/ubuntu/hexo/blog/node_modules/hexo-hey/api.js:127:19
    at tryCatcher (/home/ubuntu/hexo/blog/node_modules/bluebird/js/release/util.js:16:23)
    at Promise._settlePromiseFromHandler (/home/ubuntu/hexo/blog/node_modules/bluebird/js/release/promise.js:510:31)
    at Promise._settlePromise (/home/ubuntu/hexo/blog/node_modules/bluebird/js/release/promise.js:567:18)
    at Promise._settlePromise0 (/home/ubuntu/hexo/blog/node_modules/bluebird/js/release/promise.js:612:10)
    at Promise._settlePromises (/home/ubuntu/hexo/blog/node_modules/bluebird/js/release/promise.js:691:18)
    at Promise._fulfill (/home/ubuntu/hexo/blog/node_modules/bluebird/js/release/promise.js:636:18)
    at Promise._settlePromise (/home/ubuntu/hexo/blog/node_modules/bluebird/js/release/promise.js:580:21)
    at Promise._settlePromise0 (/home/ubuntu/hexo/blog/node_modules/bluebird/js/release/promise.js:612:10)
    at Promise._settlePromises (/home/ubuntu/hexo/blog/node_modules/bluebird/js/release/promise.js:691:18)
    at Promise._fulfill (/home/ubuntu/hexo/blog/node_modules/bluebird/js/release/promise.js:636:18)
    at MappingPromiseArray.PromiseArray._resolve (/home/ubuntu/hexo/blog/node_modules/bluebird/js/release/promise_array.js:125:19)
    at MappingPromiseArray._promiseFulfilled (/home/ubuntu/hexo/blog/node_modules/bluebird/js/release/map.js:101:18)
    at Promise._settlePromise (/home/ubuntu/hexo/blog/node_modules/bluebird/js/release/promise.js:572:26)
    at Promise._settlePromise0 (/home/ubuntu/hexo/blog/node_modules/bluebird/js/release/promise.js:612:10)
    at Promise._settlePromises (/home/ubuntu/hexo/blog/node_modules/bluebird/js/release/promise.js:691:18)
    at Async._drainQueue (/home/ubuntu/hexo/blog/node_modules/bluebird/js/release/async.js:133:16)
    at Async._drainQueues (/home/ubuntu/hexo/blog/node_modules/bluebird/js/release/async.js:143:10)
    at Immediate.Async.drainQueues (/home/ubuntu/hexo/blog/node_modules/bluebird/js/release/async.js:17:14)
    at runCallback (timers.js:666:20)
    at tryOnImmediate (timers.js:639:5)
    at processImmediate [as _immediateCallback] (timers.js:611:5)
TypeError: Cannot read property '_id' of undefined
    at /home/ubuntu/hexo/blog/node_modules/hexo-hey/api.js:127:19
    at tryCatcher (/home/ubuntu/hexo/blog/node_modules/bluebird/js/release/util.js:16:23)
    at Promise._settlePromiseFromHandler (/home/ubuntu/hexo/blog/node_modules/bluebird/js/release/promise.js:510:31)
    at Promise._settlePromise (/home/ubuntu/hexo/blog/node_modules/bluebird/js/release/promise.js:567:18)
    at Promise._settlePromise0 (/home/ubuntu/hexo/blog/node_modules/bluebird/js/release/promise.js:612:10)
    at Promise._settlePromises (/home/ubuntu/hexo/blog/node_modules/bluebird/js/release/promise.js:691:18)
    at Promise._fulfill (/home/ubuntu/hexo/blog/node_modules/bluebird/js/release/promise.js:636:18)
    at Promise._settlePromise (/home/ubuntu/hexo/blog/node_modules/bluebird/js/release/promise.js:580:21)
    at Promise._settlePromise0 (/home/ubuntu/hexo/blog/node_modules/bluebird/js/release/promise.js:612:10)
    at Promise._settlePromises (/home/ubuntu/hexo/blog/node_modules/bluebird/js/release/promise.js:691:18)
    at Promise._fulfill (/home/ubuntu/hexo/blog/node_modules/bluebird/js/release/promise.js:636:18)
    at MappingPromiseArray.PromiseArray._resolve (/home/ubuntu/hexo/blog/node_modules/bluebird/js/release/promise_array.js:125:19)
    at MappingPromiseArray._promiseFulfilled (/home/ubuntu/hexo/blog/node_modules/bluebird/js/release/map.js:101:18)
    at Promise._settlePromise (/home/ubuntu/hexo/blog/node_modules/bluebird/js/release/promise.js:572:26)
    at Promise._settlePromise0 (/home/ubuntu/hexo/blog/node_modules/bluebird/js/release/promise.js:612:10)
    at Promise._settlePromises (/home/ubuntu/hexo/blog/node_modules/bluebird/js/release/promise.js:691:18)
    at Async._drainQueue (/home/ubuntu/hexo/blog/node_modules/bluebird/js/release/async.js:133:16)
    at Async._drainQueues (/home/ubuntu/hexo/blog/node_modules/bluebird/js/release/async.js:143:10)
    at Immediate.Async.drainQueues (/home/ubuntu/hexo/blog/node_modules/bluebird/js/release/async.js:17:14)
    at runCallback (timers.js:666:20)
    at tryOnImmediate (timers.js:639:5)
    at processImmediate [as _immediateCallback] (timers.js:611:5)
TypeError: Cannot read property '_id' of undefined
    at /home/ubuntu/hexo/blog/node_modules/hexo-hey/api.js:127:19
    at tryCatcher (/home/ubuntu/hexo/blog/node_modules/bluebird/js/release/util.js:16:23)
    at Promise._settlePromiseFromHandler (/home/ubuntu/hexo/blog/node_modules/bluebird/js/release/promise.js:510:31)
    at Promise._settlePromise (/home/ubuntu/hexo/blog/node_modules/bluebird/js/release/promise.js:567:18)
    at Promise._settlePromise0 (/home/ubuntu/hexo/blog/node_modules/bluebird/js/release/promise.js:612:10)
    at Promise._settlePromises (/home/ubuntu/hexo/blog/node_modules/bluebird/js/release/promise.js:691:18)
    at Promise._fulfill (/home/ubuntu/hexo/blog/node_modules/bluebird/js/release/promise.js:636:18)
    at Promise._settlePromise (/home/ubuntu/hexo/blog/node_modules/bluebird/js/release/promise.js:580:21)
    at Promise._settlePromise0 (/home/ubuntu/hexo/blog/node_modules/bluebird/js/release/promise.js:612:10)
    at Promise._settlePromises (/home/ubuntu/hexo/blog/node_modules/bluebird/js/release/promise.js:691:18)
    at Promise._fulfill (/home/ubuntu/hexo/blog/node_modules/bluebird/js/release/promise.js:636:18)
    at MappingPromiseArray.PromiseArray._resolve (/home/ubuntu/hexo/blog/node_modules/bluebird/js/release/promise_array.js:125:19)
    at MappingPromiseArray._promiseFulfilled (/home/ubuntu/hexo/blog/node_modules/bluebird/js/release/map.js:101:18)
    at Promise._settlePromise (/home/ubuntu/hexo/blog/node_modules/bluebird/js/release/promise.js:572:26)
    at Promise._settlePromise0 (/home/ubuntu/hexo/blog/node_modules/bluebird/js/release/promise.js:612:10)
    at Promise._settlePromises (/home/ubuntu/hexo/blog/node_modules/bluebird/js/release/promise.js:691:18)
    at Async._drainQueue (/home/ubuntu/hexo/blog/node_modules/bluebird/js/release/async.js:133:16)
    at Async._drainQueues (/home/ubuntu/hexo/blog/node_modules/bluebird/js/release/async.js:143:10)
    at Immediate.Async.drainQueues (/home/ubuntu/hexo/blog/node_modules/bluebird/js/release/async.js:17:14)
    at runCallback (timers.js:666:20)
    at tryOnImmediate (timers.js:639:5)
    at processImmediate [as _immediateCallback] (timers.js:611:5)
TypeError: The header content contains invalid characters
    at ServerResponse.setHeader (_http_outgoing.js:374:11)
    at /home/ubuntu/hexo/blog/node_modules/hexo-server/lib/middlewares/route.js:27:11
    at call (/home/ubuntu/hexo/blog/node_modules/connect/index.js:239:7)
    at next (/home/ubuntu/hexo/blog/node_modules/connect/index.js:183:5)
    at /home/ubuntu/hexo/blog/node_modules/hexo-server/lib/middlewares/header.js:9:5
    at call (/home/ubuntu/hexo/blog/node_modules/connect/index.js:239:7)
    at next (/home/ubuntu/hexo/blog/node_modules/connect/index.js:183:5)
    at next (/home/ubuntu/hexo/blog/node_modules/connect/index.js:161:14)
    at call (/home/ubuntu/hexo/blog/node_modules/connect/index.js:248:3)
    at next (/home/ubuntu/hexo/blog/node_modules/connect/index.js:183:5)
    at next (/home/ubuntu/hexo/blog/node_modules/connect/index.js:161:14)
    at /home/ubuntu/hexo/blog/node_modules/hexo-hey/index.js:55:5
    at call (/home/ubuntu/hexo/blog/node_modules/connect/index.js:239:7)
    at next (/home/ubuntu/hexo/blog/node_modules/connect/index.js:183:5)
    at jsonParser (/home/ubuntu/hexo/blog/node_modules/body-parser/lib/types/json.js:103:7)
    at call (/home/ubuntu/hexo/blog/node_modules/connect/index.js:239:7)
    at next (/home/ubuntu/hexo/blog/node_modules/connect/index.js:183:5)
    at urlencodedParser (/home/ubuntu/hexo/blog/node_modules/body-parser/lib/types/urlencoded.js:91:7)
    at call (/home/ubuntu/hexo/blog/node_modules/connect/index.js:239:7)
    at next (/home/ubuntu/hexo/blog/node_modules/connect/index.js:183:5)
    at SendStream.error (/home/ubuntu/hexo/blog/node_modules/serve-static/index.js:121:7)
    at emitOne (events.js:96:13)
TypeError: The header content contains invalid characters
    at ServerResponse.setHeader (_http_outgoing.js:374:11)
    at /home/ubuntu/hexo/blog/node_modules/hexo-server/lib/middlewares/route.js:27:11
    at call (/home/ubuntu/hexo/blog/node_modules/connect/index.js:239:7)
    at next (/home/ubuntu/hexo/blog/node_modules/connect/index.js:183:5)
    at /home/ubuntu/hexo/blog/node_modules/hexo-server/lib/middlewares/header.js:9:5
    at call (/home/ubuntu/hexo/blog/node_modules/connect/index.js:239:7)
    at next (/home/ubuntu/hexo/blog/node_modules/connect/index.js:183:5)
    at next (/home/ubuntu/hexo/blog/node_modules/connect/index.js:161:14)
    at call (/home/ubuntu/hexo/blog/node_modules/connect/index.js:248:3)
    at next (/home/ubuntu/hexo/blog/node_modules/connect/index.js:183:5)
    at next (/home/ubuntu/hexo/blog/node_modules/connect/index.js:161:14)
    at /home/ubuntu/hexo/blog/node_modules/hexo-hey/index.js:55:5
    at call (/home/ubuntu/hexo/blog/node_modules/connect/index.js:239:7)
    at next (/home/ubuntu/hexo/blog/node_modules/connect/index.js:183:5)
    at jsonParser (/home/ubuntu/hexo/blog/node_modules/body-parser/lib/types/json.js:103:7)
    at call (/home/ubuntu/hexo/blog/node_modules/connect/index.js:239:7)
    at next (/home/ubuntu/hexo/blog/node_modules/connect/index.js:183:5)
    at urlencodedParser (/home/ubuntu/hexo/blog/node_modules/body-parser/lib/types/urlencoded.js:91:7)
    at call (/home/ubuntu/hexo/blog/node_modules/connect/index.js:239:7)
    at next (/home/ubuntu/hexo/blog/node_modules/connect/index.js:183:5)
    at SendStream.error (/home/ubuntu/hexo/blog/node_modules/serve-static/index.js:121:7)
    at emitOne (events.js:96:13)
TypeError: The header content contains invalid characters
    at ServerResponse.setHeader (_http_outgoing.js:374:11)
    at /home/ubuntu/hexo/blog/node_modules/hexo-server/lib/middlewares/route.js:27:11
    at call (/home/ubuntu/hexo/blog/node_modules/connect/index.js:239:7)
    at next (/home/ubuntu/hexo/blog/node_modules/connect/index.js:183:5)
    at /home/ubuntu/hexo/blog/node_modules/hexo-server/lib/middlewares/header.js:9:5
    at call (/home/ubuntu/hexo/blog/node_modules/connect/index.js:239:7)
    at next (/home/ubuntu/hexo/blog/node_modules/connect/index.js:183:5)
    at next (/home/ubuntu/hexo/blog/node_modules/connect/index.js:161:14)
    at call (/home/ubuntu/hexo/blog/node_modules/connect/index.js:248:3)
    at next (/home/ubuntu/hexo/blog/node_modules/connect/index.js:183:5)
    at next (/home/ubuntu/hexo/blog/node_modules/connect/index.js:161:14)
    at /home/ubuntu/hexo/blog/node_modules/hexo-hey/index.js:55:5
    at call (/home/ubuntu/hexo/blog/node_modules/connect/index.js:239:7)
    at next (/home/ubuntu/hexo/blog/node_modules/connect/index.js:183:5)
    at jsonParser (/home/ubuntu/hexo/blog/node_modules/body-parser/lib/types/json.js:103:7)
    at call (/home/ubuntu/hexo/blog/node_modules/connect/index.js:239:7)
    at next (/home/ubuntu/hexo/blog/node_modules/connect/index.js:183:5)
    at urlencodedParser (/home/ubuntu/hexo/blog/node_modules/body-parser/lib/types/urlencoded.js:91:7)
    at call (/home/ubuntu/hexo/blog/node_modules/connect/index.js:239:7)
    at next (/home/ubuntu/hexo/blog/node_modules/connect/index.js:183:5)
    at SendStream.error (/home/ubuntu/hexo/blog/node_modules/serve-static/index.js:121:7)
    at emitOne (events.js:96:13)
TypeError: Cannot read property '_id' of undefined
    at /home/ubuntu/hexo/blog/node_modules/hexo-hey/api.js:127:19
    at tryCatcher (/home/ubuntu/hexo/blog/node_modules/bluebird/js/release/util.js:16:23)
    at Promise._settlePromiseFromHandler (/home/ubuntu/hexo/blog/node_modules/bluebird/js/release/promise.js:510:31)
    at Promise._settlePromise (/home/ubuntu/hexo/blog/node_modules/bluebird/js/release/promise.js:567:18)
    at Promise._settlePromise0 (/home/ubuntu/hexo/blog/node_modules/bluebird/js/release/promise.js:612:10)
    at Promise._settlePromises (/home/ubuntu/hexo/blog/node_modules/bluebird/js/release/promise.js:691:18)
    at Promise._fulfill (/home/ubuntu/hexo/blog/node_modules/bluebird/js/release/promise.js:636:18)
    at Promise._settlePromise (/home/ubuntu/hexo/blog/node_modules/bluebird/js/release/promise.js:580:21)
    at Promise._settlePromise0 (/home/ubuntu/hexo/blog/node_modules/bluebird/js/release/promise.js:612:10)
    at Promise._settlePromises (/home/ubuntu/hexo/blog/node_modules/bluebird/js/release/promise.js:691:18)
    at Promise._fulfill (/home/ubuntu/hexo/blog/node_modules/bluebird/js/release/promise.js:636:18)
    at MappingPromiseArray.PromiseArray._resolve (/home/ubuntu/hexo/blog/node_modules/bluebird/js/release/promise_array.js:125:19)
    at MappingPromiseArray._promiseFulfilled (/home/ubuntu/hexo/blog/node_modules/bluebird/js/release/map.js:101:18)
    at Promise._settlePromise (/home/ubuntu/hexo/blog/node_modules/bluebird/js/release/promise.js:572:26)
    at Promise._settlePromise0 (/home/ubuntu/hexo/blog/node_modules/bluebird/js/release/promise.js:612:10)
    at Promise._settlePromises (/home/ubuntu/hexo/blog/node_modules/bluebird/js/release/promise.js:691:18)
    at Async._drainQueue (/home/ubuntu/hexo/blog/node_modules/bluebird/js/release/async.js:133:16)
    at Async._drainQueues (/home/ubuntu/hexo/blog/node_modules/bluebird/js/release/async.js:143:10)
    at Immediate.Async.drainQueues (/home/ubuntu/hexo/blog/node_modules/bluebird/js/release/async.js:17:14)
    at runCallback (timers.js:666:20)
    at tryOnImmediate (timers.js:639:5)
    at processImmediate [as _immediateCallback] (timers.js:611:5)
TypeError: Cannot read property '_id' of undefined
    at /home/ubuntu/hexo/blog/node_modules/hexo-hey/api.js:127:19
    at tryCatcher (/home/ubuntu/hexo/blog/node_modules/bluebird/js/release/util.js:16:23)
    at Promise._settlePromiseFromHandler (/home/ubuntu/hexo/blog/node_modules/bluebird/js/release/promise.js:510:31)
    at Promise._settlePromise (/home/ubuntu/hexo/blog/node_modules/bluebird/js/release/promise.js:567:18)
    at Promise._settlePromise0 (/home/ubuntu/hexo/blog/node_modules/bluebird/js/release/promise.js:612:10)
    at Promise._settlePromises (/home/ubuntu/hexo/blog/node_modules/bluebird/js/release/promise.js:691:18)
    at Promise._fulfill (/home/ubuntu/hexo/blog/node_modules/bluebird/js/release/promise.js:636:18)
    at Promise._settlePromise (/home/ubuntu/hexo/blog/node_modules/bluebird/js/release/promise.js:580:21)
    at Promise._settlePromise0 (/home/ubuntu/hexo/blog/node_modules/bluebird/js/release/promise.js:612:10)
    at Promise._settlePromises (/home/ubuntu/hexo/blog/node_modules/bluebird/js/release/promise.js:691:18)
    at Promise._fulfill (/home/ubuntu/hexo/blog/node_modules/bluebird/js/release/promise.js:636:18)
    at MappingPromiseArray.PromiseArray._resolve (/home/ubuntu/hexo/blog/node_modules/bluebird/js/release/promise_array.js:125:19)
    at MappingPromiseArray._promiseFulfilled (/home/ubuntu/hexo/blog/node_modules/bluebird/js/release/map.js:101:18)
    at Promise._settlePromise (/home/ubuntu/hexo/blog/node_modules/bluebird/js/release/promise.js:572:26)
    at Promise._settlePromise0 (/home/ubuntu/hexo/blog/node_modules/bluebird/js/release/promise.js:612:10)
    at Promise._settlePromises (/home/ubuntu/hexo/blog/node_modules/bluebird/js/release/promise.js:691:18)
    at Async._drainQueue (/home/ubuntu/hexo/blog/node_modules/bluebird/js/release/async.js:133:16)
    at Async._drainQueues (/home/ubuntu/hexo/blog/node_modules/bluebird/js/release/async.js:143:10)
    at Immediate.Async.drainQueues (/home/ubuntu/hexo/blog/node_modules/bluebird/js/release/async.js:17:14)
    at runCallback (timers.js:666:20)
    at tryOnImmediate (timers.js:639:5)
    at processImmediate [as _immediateCallback] (timers.js:611:5)
TypeError: Cannot read property '_id' of undefined
    at /home/ubuntu/hexo/blog/node_modules/hexo-hey/api.js:127:19
    at tryCatcher (/home/ubuntu/hexo/blog/node_modules/bluebird/js/release/util.js:16:23)
    at Promise._settlePromiseFromHandler (/home/ubuntu/hexo/blog/node_modules/bluebird/js/release/promise.js:510:31)
    at Promise._settlePromise (/home/ubuntu/hexo/blog/node_modules/bluebird/js/release/promise.js:567:18)
    at Promise._settlePromise0 (/home/ubuntu/hexo/blog/node_modules/bluebird/js/release/promise.js:612:10)
    at Promise._settlePromises (/home/ubuntu/hexo/blog/node_modules/bluebird/js/release/promise.js:691:18)
    at Promise._fulfill (/home/ubuntu/hexo/blog/node_modules/bluebird/js/release/promise.js:636:18)
    at Promise._settlePromise (/home/ubuntu/hexo/blog/node_modules/bluebird/js/release/promise.js:580:21)
    at Promise._settlePromise0 (/home/ubuntu/hexo/blog/node_modules/bluebird/js/release/promise.js:612:10)
    at Promise._settlePromises (/home/ubuntu/hexo/blog/node_modules/bluebird/js/release/promise.js:691:18)
    at Promise._fulfill (/home/ubuntu/hexo/blog/node_modules/bluebird/js/release/promise.js:636:18)
    at MappingPromiseArray.PromiseArray._resolve (/home/ubuntu/hexo/blog/node_modules/bluebird/js/release/promise_array.js:125:19)
    at MappingPromiseArray._promiseFulfilled (/home/ubuntu/hexo/blog/node_modules/bluebird/js/release/map.js:101:18)
    at Promise._settlePromise (/home/ubuntu/hexo/blog/node_modules/bluebird/js/release/promise.js:572:26)
    at Promise._settlePromise0 (/home/ubuntu/hexo/blog/node_modules/bluebird/js/release/promise.js:612:10)
    at Promise._settlePromises (/home/ubuntu/hexo/blog/node_modules/bluebird/js/release/promise.js:691:18)
    at Async._drainQueue (/home/ubuntu/hexo/blog/node_modules/bluebird/js/release/async.js:133:16)
    at Async._drainQueues (/home/ubuntu/hexo/blog/node_modules/bluebird/js/release/async.js:143:10)
    at Immediate.Async.drainQueues (/home/ubuntu/hexo/blog/node_modules/bluebird/js/release/async.js:17:14)
    at runCallback (timers.js:666:20)
    at tryOnImmediate (timers.js:639:5)
    at processImmediate [as _immediateCallback] (timers.js:611:5)
TypeError: Cannot read property '_id' of undefined
    at /home/ubuntu/hexo/blog/node_modules/hexo-hey/api.js:127:19
    at tryCatcher (/home/ubuntu/hexo/blog/node_modules/bluebird/js/release/util.js:16:23)
    at Promise._settlePromiseFromHandler (/home/ubuntu/hexo/blog/node_modules/bluebird/js/release/promise.js:510:31)
    at Promise._settlePromise (/home/ubuntu/hexo/blog/node_modules/bluebird/js/release/promise.js:567:18)
    at Promise._settlePromise0 (/home/ubuntu/hexo/blog/node_modules/bluebird/js/release/promise.js:612:10)
    at Promise._settlePromises (/home/ubuntu/hexo/blog/node_modules/bluebird/js/release/promise.js:691:18)
    at Promise._fulfill (/home/ubuntu/hexo/blog/node_modules/bluebird/js/release/promise.js:636:18)
    at Promise._settlePromise (/home/ubuntu/hexo/blog/node_modules/bluebird/js/release/promise.js:580:21)
    at Promise._settlePromise0 (/home/ubuntu/hexo/blog/node_modules/bluebird/js/release/promise.js:612:10)
    at Promise._settlePromises (/home/ubuntu/hexo/blog/node_modules/bluebird/js/release/promise.js:691:18)
    at Promise._fulfill (/home/ubuntu/hexo/blog/node_modules/bluebird/js/release/promise.js:636:18)
    at MappingPromiseArray.PromiseArray._resolve (/home/ubuntu/hexo/blog/node_modules/bluebird/js/release/promise_array.js:125:19)
    at MappingPromiseArray._promiseFulfilled (/home/ubuntu/hexo/blog/node_modules/bluebird/js/release/map.js:101:18)
    at Promise._settlePromise (/home/ubuntu/hexo/blog/node_modules/bluebird/js/release/promise.js:572:26)
    at Promise._settlePromise0 (/home/ubuntu/hexo/blog/node_modules/bluebird/js/release/promise.js:612:10)
    at Promise._settlePromises (/home/ubuntu/hexo/blog/node_modules/bluebird/js/release/promise.js:691:18)
    at Async._drainQueue (/home/ubuntu/hexo/blog/node_modules/bluebird/js/release/async.js:133:16)
    at Async._drainQueues (/home/ubuntu/hexo/blog/node_modules/bluebird/js/release/async.js:143:10)
    at Immediate.Async.drainQueues (/home/ubuntu/hexo/blog/node_modules/bluebird/js/release/async.js:17:14)
    at runCallback (timers.js:666:20)
    at tryOnImmediate (timers.js:639:5)
    at processImmediate [as _immediateCallback] (timers.js:611:5)
TypeError: Cannot read property '_id' of undefined
    at /home/ubuntu/hexo/blog/node_modules/hexo-hey/api.js:127:19
    at tryCatcher (/home/ubuntu/hexo/blog/node_modules/bluebird/js/release/util.js:16:23)
    at Promise._settlePromiseFromHandler (/home/ubuntu/hexo/blog/node_modules/bluebird/js/release/promise.js:510:31)
    at Promise._settlePromise (/home/ubuntu/hexo/blog/node_modules/bluebird/js/release/promise.js:567:18)
    at Promise._settlePromise0 (/home/ubuntu/hexo/blog/node_modules/bluebird/js/release/promise.js:612:10)
    at Promise._settlePromises (/home/ubuntu/hexo/blog/node_modules/bluebird/js/release/promise.js:691:18)
    at Promise._fulfill (/home/ubuntu/hexo/blog/node_modules/bluebird/js/release/promise.js:636:18)
    at Promise._settlePromise (/home/ubuntu/hexo/blog/node_modules/bluebird/js/release/promise.js:580:21)
    at Promise._settlePromise0 (/home/ubuntu/hexo/blog/node_modules/bluebird/js/release/promise.js:612:10)
    at Promise._settlePromises (/home/ubuntu/hexo/blog/node_modules/bluebird/js/release/promise.js:691:18)
    at Promise._fulfill (/home/ubuntu/hexo/blog/node_modules/bluebird/js/release/promise.js:636:18)
    at MappingPromiseArray.PromiseArray._resolve (/home/ubuntu/hexo/blog/node_modules/bluebird/js/release/promise_array.js:125:19)
    at MappingPromiseArray._promiseFulfilled (/home/ubuntu/hexo/blog/node_modules/bluebird/js/release/map.js:101:18)
    at Promise._settlePromise (/home/ubuntu/hexo/blog/node_modules/bluebird/js/release/promise.js:572:26)
    at Promise._settlePromise0 (/home/ubuntu/hexo/blog/node_modules/bluebird/js/release/promise.js:612:10)
    at Promise._settlePromises (/home/ubuntu/hexo/blog/node_modules/bluebird/js/release/promise.js:691:18)
    at Async._drainQueue (/home/ubuntu/hexo/blog/node_modules/bluebird/js/release/async.js:133:16)
    at Async._drainQueues (/home/ubuntu/hexo/blog/node_modules/bluebird/js/release/async.js:143:10)
    at Immediate.Async.drainQueues (/home/ubuntu/hexo/blog/node_modules/bluebird/js/release/async.js:17:14)
    at runCallback (timers.js:666:20)
    at tryOnImmediate (timers.js:639:5)
    at processImmediate [as _immediateCallback] (timers.js:611:5)
TypeError: Cannot read property '_id' of undefined
    at /home/ubuntu/hexo/blog/node_modules/hexo-hey/api.js:127:19
    at tryCatcher (/home/ubuntu/hexo/blog/node_modules/bluebird/js/release/util.js:16:23)
    at Promise._settlePromiseFromHandler (/home/ubuntu/hexo/blog/node_modules/bluebird/js/release/promise.js:510:31)
    at Promise._settlePromise (/home/ubuntu/hexo/blog/node_modules/bluebird/js/release/promise.js:567:18)
    at Promise._settlePromise0 (/home/ubuntu/hexo/blog/node_modules/bluebird/js/release/promise.js:612:10)
    at Promise._settlePromises (/home/ubuntu/hexo/blog/node_modules/bluebird/js/release/promise.js:691:18)
    at Promise._fulfill (/home/ubuntu/hexo/blog/node_modules/bluebird/js/release/promise.js:636:18)
    at Promise._settlePromise (/home/ubuntu/hexo/blog/node_modules/bluebird/js/release/promise.js:580:21)
    at Promise._settlePromise0 (/home/ubuntu/hexo/blog/node_modules/bluebird/js/release/promise.js:612:10)
    at Promise._settlePromises (/home/ubuntu/hexo/blog/node_modules/bluebird/js/release/promise.js:691:18)
    at Promise._fulfill (/home/ubuntu/hexo/blog/node_modules/bluebird/js/release/promise.js:636:18)
    at MappingPromiseArray.PromiseArray._resolve (/home/ubuntu/hexo/blog/node_modules/bluebird/js/release/promise_array.js:125:19)
    at MappingPromiseArray._promiseFulfilled (/home/ubuntu/hexo/blog/node_modules/bluebird/js/release/map.js:101:18)
    at Promise._settlePromise (/home/ubuntu/hexo/blog/node_modules/bluebird/js/release/promise.js:572:26)
    at Promise._settlePromise0 (/home/ubuntu/hexo/blog/node_modules/bluebird/js/release/promise.js:612:10)
    at Promise._settlePromises (/home/ubuntu/hexo/blog/node_modules/bluebird/js/release/promise.js:691:18)
    at Async._drainQueue (/home/ubuntu/hexo/blog/node_modules/bluebird/js/release/async.js:133:16)
    at Async._drainQueues (/home/ubuntu/hexo/blog/node_modules/bluebird/js/release/async.js:143:10)
    at Immediate.Async.drainQueues (/home/ubuntu/hexo/blog/node_modules/bluebird/js/release/async.js:17:14)
    at runCallback (timers.js:666:20)
    at tryOnImmediate (timers.js:639:5)
    at processImmediate [as _immediateCallback] (timers.js:611:5)
invalid "expiresInMinutes" option for string payload
jsonwebtoken: expiresInMinutes and expiresInSeconds is deprecated. (/home/ubuntu/hexo/blog/node_modules/hexo-hey/api.js:39:45)
Use "expiresIn" expressed in seconds.
invalid "expiresInMinutes" option for string payload
jsonwebtoken: expiresInMinutes and expiresInSeconds is deprecated. (/home/ubuntu/hexo/blog/node_modules/hexo-hey/api.js:39:45)
Use "expiresIn" expressed in seconds.
TypeError: The header content contains invalid characters
    at ServerResponse.setHeader (_http_outgoing.js:374:11)
    at /home/ubuntu/hexo/blog/node_modules/hexo-server/lib/middlewares/route.js:27:11
    at call (/home/ubuntu/hexo/blog/node_modules/connect/index.js:239:7)
    at next (/home/ubuntu/hexo/blog/node_modules/connect/index.js:183:5)
    at /home/ubuntu/hexo/blog/node_modules/hexo-server/lib/middlewares/header.js:9:5
    at call (/home/ubuntu/hexo/blog/node_modules/connect/index.js:239:7)
    at next (/home/ubuntu/hexo/blog/node_modules/connect/index.js:183:5)
    at next (/home/ubuntu/hexo/blog/node_modules/connect/index.js:161:14)
    at call (/home/ubuntu/hexo/blog/node_modules/connect/index.js:248:3)
    at next (/home/ubuntu/hexo/blog/node_modules/connect/index.js:183:5)
    at next (/home/ubuntu/hexo/blog/node_modules/connect/index.js:161:14)
    at /home/ubuntu/hexo/blog/node_modules/hexo-hey/index.js:55:5
    at call (/home/ubuntu/hexo/blog/node_modules/connect/index.js:239:7)
    at next (/home/ubuntu/hexo/blog/node_modules/connect/index.js:183:5)
    at jsonParser (/home/ubuntu/hexo/blog/node_modules/body-parser/lib/types/json.js:103:7)
    at call (/home/ubuntu/hexo/blog/node_modules/connect/index.js:239:7)
    at next (/home/ubuntu/hexo/blog/node_modules/connect/index.js:183:5)
    at urlencodedParser (/home/ubuntu/hexo/blog/node_modules/body-parser/lib/types/urlencoded.js:91:7)
    at call (/home/ubuntu/hexo/blog/node_modules/connect/index.js:239:7)
    at next (/home/ubuntu/hexo/blog/node_modules/connect/index.js:183:5)
    at next (/home/ubuntu/hexo/blog/node_modules/connect/index.js:161:14)
    at Function.handle (/home/ubuntu/hexo/blog/node_modules/connect/index.js:186:3)
TypeError: The header content contains invalid characters
    at ServerResponse.setHeader (_http_outgoing.js:374:11)
    at /home/ubuntu/hexo/blog/node_modules/hexo-server/lib/middlewares/route.js:27:11
    at call (/home/ubuntu/hexo/blog/node_modules/connect/index.js:239:7)
    at next (/home/ubuntu/hexo/blog/node_modules/connect/index.js:183:5)
    at /home/ubuntu/hexo/blog/node_modules/hexo-server/lib/middlewares/header.js:9:5
    at call (/home/ubuntu/hexo/blog/node_modules/connect/index.js:239:7)
    at next (/home/ubuntu/hexo/blog/node_modules/connect/index.js:183:5)
    at next (/home/ubuntu/hexo/blog/node_modules/connect/index.js:161:14)
    at call (/home/ubuntu/hexo/blog/node_modules/connect/index.js:248:3)
    at next (/home/ubuntu/hexo/blog/node_modules/connect/index.js:183:5)
    at next (/home/ubuntu/hexo/blog/node_modules/connect/index.js:161:14)
    at /home/ubuntu/hexo/blog/node_modules/hexo-hey/index.js:55:5
    at call (/home/ubuntu/hexo/blog/node_modules/connect/index.js:239:7)
    at next (/home/ubuntu/hexo/blog/node_modules/connect/index.js:183:5)
    at jsonParser (/home/ubuntu/hexo/blog/node_modules/body-parser/lib/types/json.js:103:7)
    at call (/home/ubuntu/hexo/blog/node_modules/connect/index.js:239:7)
    at next (/home/ubuntu/hexo/blog/node_modules/connect/index.js:183:5)
    at urlencodedParser (/home/ubuntu/hexo/blog/node_modules/body-parser/lib/types/urlencoded.js:91:7)
    at call (/home/ubuntu/hexo/blog/node_modules/connect/index.js:239:7)
    at next (/home/ubuntu/hexo/blog/node_modules/connect/index.js:183:5)
    at next (/home/ubuntu/hexo/blog/node_modules/connect/index.js:161:14)
    at Function.handle (/home/ubuntu/hexo/blog/node_modules/connect/index.js:186:3)
invalid "expiresInMinutes" option for string payload
jsonwebtoken: expiresInMinutes and expiresInSeconds is deprecated. (/home/ubuntu/hexo/blog/node_modules/hexo-hey/api.js:39:45)
Use "expiresIn" expressed in seconds.
TypeError: The header content contains invalid characters
    at ServerResponse.setHeader (_http_outgoing.js:374:11)
    at /home/ubuntu/hexo/blog/node_modules/hexo-server/lib/middlewares/route.js:27:11
    at call (/home/ubuntu/hexo/blog/node_modules/connect/index.js:239:7)
    at next (/home/ubuntu/hexo/blog/node_modules/connect/index.js:183:5)
    at /home/ubuntu/hexo/blog/node_modules/hexo-server/lib/middlewares/header.js:9:5
    at call (/home/ubuntu/hexo/blog/node_modules/connect/index.js:239:7)
    at next (/home/ubuntu/hexo/blog/node_modules/connect/index.js:183:5)
    at next (/home/ubuntu/hexo/blog/node_modules/connect/index.js:161:14)
    at call (/home/ubuntu/hexo/blog/node_modules/connect/index.js:248:3)
    at next (/home/ubuntu/hexo/blog/node_modules/connect/index.js:183:5)
    at next (/home/ubuntu/hexo/blog/node_modules/connect/index.js:161:14)
    at /home/ubuntu/hexo/blog/node_modules/hexo-hey/index.js:55:5
    at call (/home/ubuntu/hexo/blog/node_modules/connect/index.js:239:7)
    at next (/home/ubuntu/hexo/blog/node_modules/connect/index.js:183:5)
    at jsonParser (/home/ubuntu/hexo/blog/node_modules/body-parser/lib/types/json.js:103:7)
    at call (/home/ubuntu/hexo/blog/node_modules/connect/index.js:239:7)
    at next (/home/ubuntu/hexo/blog/node_modules/connect/index.js:183:5)
    at urlencodedParser (/home/ubuntu/hexo/blog/node_modules/body-parser/lib/types/urlencoded.js:91:7)
    at call (/home/ubuntu/hexo/blog/node_modules/connect/index.js:239:7)
    at next (/home/ubuntu/hexo/blog/node_modules/connect/index.js:183:5)
    at next (/home/ubuntu/hexo/blog/node_modules/connect/index.js:161:14)
    at Function.handle (/home/ubuntu/hexo/blog/node_modules/connect/index.js:186:3)
TypeError: The header content contains invalid characters
    at ServerResponse.setHeader (_http_outgoing.js:374:11)
    at /home/ubuntu/hexo/blog/node_modules/hexo-server/lib/middlewares/route.js:27:11
    at call (/home/ubuntu/hexo/blog/node_modules/connect/index.js:239:7)
    at next (/home/ubuntu/hexo/blog/node_modules/connect/index.js:183:5)
    at /home/ubuntu/hexo/blog/node_modules/hexo-server/lib/middlewares/header.js:9:5
    at call (/home/ubuntu/hexo/blog/node_modules/connect/index.js:239:7)
    at next (/home/ubuntu/hexo/blog/node_modules/connect/index.js:183:5)
    at next (/home/ubuntu/hexo/blog/node_modules/connect/index.js:161:14)
    at call (/home/ubuntu/hexo/blog/node_modules/connect/index.js:248:3)
    at next (/home/ubuntu/hexo/blog/node_modules/connect/index.js:183:5)
    at next (/home/ubuntu/hexo/blog/node_modules/connect/index.js:161:14)
    at /home/ubuntu/hexo/blog/node_modules/hexo-hey/index.js:55:5
    at call (/home/ubuntu/hexo/blog/node_modules/connect/index.js:239:7)
    at next (/home/ubuntu/hexo/blog/node_modules/connect/index.js:183:5)
    at jsonParser (/home/ubuntu/hexo/blog/node_modules/body-parser/lib/types/json.js:103:7)
    at call (/home/ubuntu/hexo/blog/node_modules/connect/index.js:239:7)
    at next (/home/ubuntu/hexo/blog/node_modules/connect/index.js:183:5)
    at urlencodedParser (/home/ubuntu/hexo/blog/node_modules/body-parser/lib/types/urlencoded.js:91:7)
    at call (/home/ubuntu/hexo/blog/node_modules/connect/index.js:239:7)
    at next (/home/ubuntu/hexo/blog/node_modules/connect/index.js:183:5)
    at next (/home/ubuntu/hexo/blog/node_modules/connect/index.js:161:14)
    at Function.handle (/home/ubuntu/hexo/blog/node_modules/connect/index.js:186:3)
TypeError: The header content contains invalid characters
    at ServerResponse.setHeader (_http_outgoing.js:374:11)
    at /home/ubuntu/hexo/blog/node_modules/hexo-server/lib/middlewares/route.js:27:11
    at call (/home/ubuntu/hexo/blog/node_modules/connect/index.js:239:7)
    at next (/home/ubuntu/hexo/blog/node_modules/connect/index.js:183:5)
    at /home/ubuntu/hexo/blog/node_modules/hexo-server/lib/middlewares/header.js:9:5
    at call (/home/ubuntu/hexo/blog/node_modules/connect/index.js:239:7)
    at next (/home/ubuntu/hexo/blog/node_modules/connect/index.js:183:5)
    at next (/home/ubuntu/hexo/blog/node_modules/connect/index.js:161:14)
    at call (/home/ubuntu/hexo/blog/node_modules/connect/index.js:248:3)
    at next (/home/ubuntu/hexo/blog/node_modules/connect/index.js:183:5)
    at next (/home/ubuntu/hexo/blog/node_modules/connect/index.js:161:14)
    at /home/ubuntu/hexo/blog/node_modules/hexo-hey/index.js:55:5
    at call (/home/ubuntu/hexo/blog/node_modules/connect/index.js:239:7)
    at next (/home/ubuntu/hexo/blog/node_modules/connect/index.js:183:5)
    at jsonParser (/home/ubuntu/hexo/blog/node_modules/body-parser/lib/types/json.js:103:7)
    at call (/home/ubuntu/hexo/blog/node_modules/connect/index.js:239:7)
    at next (/home/ubuntu/hexo/blog/node_modules/connect/index.js:183:5)
    at urlencodedParser (/home/ubuntu/hexo/blog/node_modules/body-parser/lib/types/urlencoded.js:91:7)
    at call (/home/ubuntu/hexo/blog/node_modules/connect/index.js:239:7)
    at next (/home/ubuntu/hexo/blog/node_modules/connect/index.js:183:5)
    at next (/home/ubuntu/hexo/blog/node_modules/connect/index.js:161:14)
    at Function.handle (/home/ubuntu/hexo/blog/node_modules/connect/index.js:186:3)
TypeError: The header content contains invalid characters
    at ServerResponse.setHeader (_http_outgoing.js:374:11)
    at /home/ubuntu/hexo/blog/node_modules/hexo-server/lib/middlewares/route.js:27:11
    at call (/home/ubuntu/hexo/blog/node_modules/connect/index.js:239:7)
    at next (/home/ubuntu/hexo/blog/node_modules/connect/index.js:183:5)
    at /home/ubuntu/hexo/blog/node_modules/hexo-server/lib/middlewares/header.js:9:5
    at call (/home/ubuntu/hexo/blog/node_modules/connect/index.js:239:7)
    at next (/home/ubuntu/hexo/blog/node_modules/connect/index.js:183:5)
    at next (/home/ubuntu/hexo/blog/node_modules/connect/index.js:161:14)
    at call (/home/ubuntu/hexo/blog/node_modules/connect/index.js:248:3)
    at next (/home/ubuntu/hexo/blog/node_modules/connect/index.js:183:5)
    at next (/home/ubuntu/hexo/blog/node_modules/connect/index.js:161:14)
    at /home/ubuntu/hexo/blog/node_modules/hexo-hey/index.js:55:5
    at call (/home/ubuntu/hexo/blog/node_modules/connect/index.js:239:7)
    at next (/home/ubuntu/hexo/blog/node_modules/connect/index.js:183:5)
    at jsonParser (/home/ubuntu/hexo/blog/node_modules/body-parser/lib/types/json.js:103:7)
    at call (/home/ubuntu/hexo/blog/node_modules/connect/index.js:239:7)
    at next (/home/ubuntu/hexo/blog/node_modules/connect/index.js:183:5)
    at urlencodedParser (/home/ubuntu/hexo/blog/node_modules/body-parser/lib/types/urlencoded.js:91:7)
    at call (/home/ubuntu/hexo/blog/node_modules/connect/index.js:239:7)
    at next (/home/ubuntu/hexo/blog/node_modules/connect/index.js:183:5)
    at next (/home/ubuntu/hexo/blog/node_modules/connect/index.js:161:14)
    at Function.handle (/home/ubuntu/hexo/blog/node_modules/connect/index.js:186:3)
TypeError: The header content contains invalid characters
    at ServerResponse.setHeader (_http_outgoing.js:374:11)
    at /home/ubuntu/hexo/blog/node_modules/hexo-server/lib/middlewares/route.js:27:11
    at call (/home/ubuntu/hexo/blog/node_modules/connect/index.js:239:7)
    at next (/home/ubuntu/hexo/blog/node_modules/connect/index.js:183:5)
    at /home/ubuntu/hexo/blog/node_modules/hexo-server/lib/middlewares/header.js:9:5
    at call (/home/ubuntu/hexo/blog/node_modules/connect/index.js:239:7)
    at next (/home/ubuntu/hexo/blog/node_modules/connect/index.js:183:5)
    at next (/home/ubuntu/hexo/blog/node_modules/connect/index.js:161:14)
    at call (/home/ubuntu/hexo/blog/node_modules/connect/index.js:248:3)
    at next (/home/ubuntu/hexo/blog/node_modules/connect/index.js:183:5)
    at next (/home/ubuntu/hexo/blog/node_modules/connect/index.js:161:14)
    at /home/ubuntu/hexo/blog/node_modules/hexo-hey/index.js:55:5
    at call (/home/ubuntu/hexo/blog/node_modules/connect/index.js:239:7)
    at next (/home/ubuntu/hexo/blog/node_modules/connect/index.js:183:5)
    at jsonParser (/home/ubuntu/hexo/blog/node_modules/body-parser/lib/types/json.js:103:7)
    at call (/home/ubuntu/hexo/blog/node_modules/connect/index.js:239:7)
    at next (/home/ubuntu/hexo/blog/node_modules/connect/index.js:183:5)
    at urlencodedParser (/home/ubuntu/hexo/blog/node_modules/body-parser/lib/types/urlencoded.js:91:7)
    at call (/home/ubuntu/hexo/blog/node_modules/connect/index.js:239:7)
    at next (/home/ubuntu/hexo/blog/node_modules/connect/index.js:183:5)
    at next (/home/ubuntu/hexo/blog/node_modules/connect/index.js:161:14)
    at Function.handle (/home/ubuntu/hexo/blog/node_modules/connect/index.js:186:3)
invalid "expiresInMinutes" option for string payload
jsonwebtoken: expiresInMinutes and expiresInSeconds is deprecated. (/home/ubuntu/hexo/blog/node_modules/hexo-hey/api.js:39:45)
Use "expiresIn" expressed in seconds.
invalid "expiresInMinutes" option for string payload
jsonwebtoken: expiresInMinutes and expiresInSeconds is deprecated. (/home/ubuntu/hexo/blog/node_modules/hexo-hey/api.js:39:45)
Use "expiresIn" expressed in seconds.
TypeError: Cannot read property '_id' of undefined
    at /home/ubuntu/hexo/blog/node_modules/hexo-hey/api.js:127:19
    at tryCatcher (/home/ubuntu/hexo/blog/node_modules/bluebird/js/release/util.js:16:23)
    at Promise._settlePromiseFromHandler (/home/ubuntu/hexo/blog/node_modules/bluebird/js/release/promise.js:510:31)
    at Promise._settlePromise (/home/ubuntu/hexo/blog/node_modules/bluebird/js/release/promise.js:567:18)
    at Promise._settlePromise0 (/home/ubuntu/hexo/blog/node_modules/bluebird/js/release/promise.js:612:10)
    at Promise._settlePromises (/home/ubuntu/hexo/blog/node_modules/bluebird/js/release/promise.js:691:18)
    at Promise._fulfill (/home/ubuntu/hexo/blog/node_modules/bluebird/js/release/promise.js:636:18)
    at Promise._settlePromise (/home/ubuntu/hexo/blog/node_modules/bluebird/js/release/promise.js:580:21)
    at Promise._settlePromise0 (/home/ubuntu/hexo/blog/node_modules/bluebird/js/release/promise.js:612:10)
    at Promise._settlePromises (/home/ubuntu/hexo/blog/node_modules/bluebird/js/release/promise.js:691:18)
    at Promise._fulfill (/home/ubuntu/hexo/blog/node_modules/bluebird/js/release/promise.js:636:18)
    at MappingPromiseArray.PromiseArray._resolve (/home/ubuntu/hexo/blog/node_modules/bluebird/js/release/promise_array.js:125:19)
    at MappingPromiseArray._promiseFulfilled (/home/ubuntu/hexo/blog/node_modules/bluebird/js/release/map.js:101:18)
    at Promise._settlePromise (/home/ubuntu/hexo/blog/node_modules/bluebird/js/release/promise.js:572:26)
    at Promise._settlePromise0 (/home/ubuntu/hexo/blog/node_modules/bluebird/js/release/promise.js:612:10)
    at Promise._settlePromises (/home/ubuntu/hexo/blog/node_modules/bluebird/js/release/promise.js:691:18)
    at Async._drainQueue (/home/ubuntu/hexo/blog/node_modules/bluebird/js/release/async.js:133:16)
    at Async._drainQueues (/home/ubuntu/hexo/blog/node_modules/bluebird/js/release/async.js:143:10)
    at Immediate.Async.drainQueues (/home/ubuntu/hexo/blog/node_modules/bluebird/js/release/async.js:17:14)
    at runCallback (timers.js:666:20)
    at tryOnImmediate (timers.js:639:5)
    at processImmediate [as _immediateCallback] (timers.js:611:5)
TypeError: Cannot read property '_id' of undefined
    at /home/ubuntu/hexo/blog/node_modules/hexo-hey/api.js:127:19
    at tryCatcher (/home/ubuntu/hexo/blog/node_modules/bluebird/js/release/util.js:16:23)
    at Promise._settlePromiseFromHandler (/home/ubuntu/hexo/blog/node_modules/bluebird/js/release/promise.js:510:31)
    at Promise._settlePromise (/home/ubuntu/hexo/blog/node_modules/bluebird/js/release/promise.js:567:18)
    at Promise._settlePromise0 (/home/ubuntu/hexo/blog/node_modules/bluebird/js/release/promise.js:612:10)
    at Promise._settlePromises (/home/ubuntu/hexo/blog/node_modules/bluebird/js/release/promise.js:691:18)
    at Promise._fulfill (/home/ubuntu/hexo/blog/node_modules/bluebird/js/release/promise.js:636:18)
    at Promise._settlePromise (/home/ubuntu/hexo/blog/node_modules/bluebird/js/release/promise.js:580:21)
    at Promise._settlePromise0 (/home/ubuntu/hexo/blog/node_modules/bluebird/js/release/promise.js:612:10)
    at Promise._settlePromises (/home/ubuntu/hexo/blog/node_modules/bluebird/js/release/promise.js:691:18)
    at Promise._fulfill (/home/ubuntu/hexo/blog/node_modules/bluebird/js/release/promise.js:636:18)
    at MappingPromiseArray.PromiseArray._resolve (/home/ubuntu/hexo/blog/node_modules/bluebird/js/release/promise_array.js:125:19)
    at MappingPromiseArray._promiseFulfilled (/home/ubuntu/hexo/blog/node_modules/bluebird/js/release/map.js:101:18)
    at Promise._settlePromise (/home/ubuntu/hexo/blog/node_modules/bluebird/js/release/promise.js:572:26)
    at Promise._settlePromise0 (/home/ubuntu/hexo/blog/node_modules/bluebird/js/release/promise.js:612:10)
    at Promise._settlePromises (/home/ubuntu/hexo/blog/node_modules/bluebird/js/release/promise.js:691:18)
    at Async._drainQueue (/home/ubuntu/hexo/blog/node_modules/bluebird/js/release/async.js:133:16)
    at Async._drainQueues (/home/ubuntu/hexo/blog/node_modules/bluebird/js/release/async.js:143:10)
    at Immediate.Async.drainQueues (/home/ubuntu/hexo/blog/node_modules/bluebird/js/release/async.js:17:14)
    at runCallback (timers.js:666:20)
    at tryOnImmediate (timers.js:639:5)
    at processImmediate [as _immediateCallback] (timers.js:611:5)
invalid "expiresInMinutes" option for string payload
jsonwebtoken: expiresInMinutes and expiresInSeconds is deprecated. (/home/ubuntu/hexo/blog/node_modules/hexo-hey/api.js:39:45)
Use "expiresIn" expressed in seconds.
URIError: URI malformed
    at decodeURIComponent (<anonymous>)
    at /home/ubuntu/hexo/blog/node_modules/hexo-server/lib/middlewares/route.js:18:28
    at call (/home/ubuntu/hexo/blog/node_modules/connect/index.js:239:7)
    at next (/home/ubuntu/hexo/blog/node_modules/connect/index.js:183:5)
    at /home/ubuntu/hexo/blog/node_modules/hexo-server/lib/middlewares/header.js:9:5
    at call (/home/ubuntu/hexo/blog/node_modules/connect/index.js:239:7)
    at next (/home/ubuntu/hexo/blog/node_modules/connect/index.js:183:5)
    at next (/home/ubuntu/hexo/blog/node_modules/connect/index.js:161:14)
    at call (/home/ubuntu/hexo/blog/node_modules/connect/index.js:248:3)
    at next (/home/ubuntu/hexo/blog/node_modules/connect/index.js:183:5)
    at next (/home/ubuntu/hexo/blog/node_modules/connect/index.js:161:14)
    at /home/ubuntu/hexo/blog/node_modules/hexo-hey/index.js:55:5
    at call (/home/ubuntu/hexo/blog/node_modules/connect/index.js:239:7)
    at next (/home/ubuntu/hexo/blog/node_modules/connect/index.js:183:5)
    at jsonParser (/home/ubuntu/hexo/blog/node_modules/body-parser/lib/types/json.js:112:7)
    at call (/home/ubuntu/hexo/blog/node_modules/connect/index.js:239:7)
    at next (/home/ubuntu/hexo/blog/node_modules/connect/index.js:183:5)
    at urlencodedParser (/home/ubuntu/hexo/blog/node_modules/body-parser/lib/types/urlencoded.js:100:7)
    at call (/home/ubuntu/hexo/blog/node_modules/connect/index.js:239:7)
    at next (/home/ubuntu/hexo/blog/node_modules/connect/index.js:183:5)
    at next (/home/ubuntu/hexo/blog/node_modules/connect/index.js:161:14)
    at Function.handle (/home/ubuntu/hexo/blog/node_modules/connect/index.js:186:3)
invalid "expiresInMinutes" option for string payload
jsonwebtoken: expiresInMinutes and expiresInSeconds is deprecated. (/home/ubuntu/hexo/blog/node_modules/hexo-hey/api.js:39:45)
Use "expiresIn" expressed in seconds.
TypeError: Cannot read property '_id' of undefined
    at /home/ubuntu/hexo/blog/node_modules/hexo-hey/api.js:127:19
    at tryCatcher (/home/ubuntu/hexo/blog/node_modules/bluebird/js/release/util.js:16:23)
    at Promise._settlePromiseFromHandler (/home/ubuntu/hexo/blog/node_modules/bluebird/js/release/promise.js:510:31)
    at Promise._settlePromise (/home/ubuntu/hexo/blog/node_modules/bluebird/js/release/promise.js:567:18)
    at Promise._settlePromise0 (/home/ubuntu/hexo/blog/node_modules/bluebird/js/release/promise.js:612:10)
    at Promise._settlePromises (/home/ubuntu/hexo/blog/node_modules/bluebird/js/release/promise.js:691:18)
    at Promise._fulfill (/home/ubuntu/hexo/blog/node_modules/bluebird/js/release/promise.js:636:18)
    at Promise._settlePromise (/home/ubuntu/hexo/blog/node_modules/bluebird/js/release/promise.js:580:21)
    at Promise._settlePromise0 (/home/ubuntu/hexo/blog/node_modules/bluebird/js/release/promise.js:612:10)
    at Promise._settlePromises (/home/ubuntu/hexo/blog/node_modules/bluebird/js/release/promise.js:691:18)
    at Promise._fulfill (/home/ubuntu/hexo/blog/node_modules/bluebird/js/release/promise.js:636:18)
    at MappingPromiseArray.PromiseArray._resolve (/home/ubuntu/hexo/blog/node_modules/bluebird/js/release/promise_array.js:125:19)
    at MappingPromiseArray._promiseFulfilled (/home/ubuntu/hexo/blog/node_modules/bluebird/js/release/map.js:101:18)
    at Promise._settlePromise (/home/ubuntu/hexo/blog/node_modules/bluebird/js/release/promise.js:572:26)
    at Promise._settlePromise0 (/home/ubuntu/hexo/blog/node_modules/bluebird/js/release/promise.js:612:10)
    at Promise._settlePromises (/home/ubuntu/hexo/blog/node_modules/bluebird/js/release/promise.js:691:18)
    at Async._drainQueue (/home/ubuntu/hexo/blog/node_modules/bluebird/js/release/async.js:133:16)
    at Async._drainQueues (/home/ubuntu/hexo/blog/node_modules/bluebird/js/release/async.js:143:10)
    at Immediate.Async.drainQueues (/home/ubuntu/hexo/blog/node_modules/bluebird/js/release/async.js:17:14)
    at runCallback (timers.js:666:20)
    at tryOnImmediate (timers.js:639:5)
    at processImmediate [as _immediateCallback] (timers.js:611:5)
INFO  Start processing
INFO  Hexo is running at http://localhost:80/. Press Ctrl+C to stop.
INFO  Start processing
INFO  Hexo is running at http://localhost:80/. Press Ctrl+C to stop.
TypeError: Cannot read property '_id' of undefined
    at /home/ubuntu/hexo/blog/node_modules/hexo-hey/api.js:127:19
    at tryCatcher (/home/ubuntu/hexo/blog/node_modules/bluebird/js/release/util.js:16:23)
    at Promise._settlePromiseFromHandler (/home/ubuntu/hexo/blog/node_modules/bluebird/js/release/promise.js:510:31)
    at Promise._settlePromise (/home/ubuntu/hexo/blog/node_modules/bluebird/js/release/promise.js:567:18)
    at Promise._settlePromise0 (/home/ubuntu/hexo/blog/node_modules/bluebird/js/release/promise.js:612:10)
    at Promise._settlePromises (/home/ubuntu/hexo/blog/node_modules/bluebird/js/release/promise.js:691:18)
    at Async._drainQueue (/home/ubuntu/hexo/blog/node_modules/bluebird/js/release/async.js:133:16)
    at Async._drainQueues (/home/ubuntu/hexo/blog/node_modules/bluebird/js/release/async.js:143:10)
    at Immediate.Async.drainQueues (/home/ubuntu/hexo/blog/node_modules/bluebird/js/release/async.js:17:14)
    at runCallback (timers.js:666:20)
    at tryOnImmediate (timers.js:639:5)
    at processImmediate [as _immediateCallback] (timers.js:611:5)
INFO  Farewell
INFO  Start processing
INFO  Good bye
INFO  Good bye
INFO  Catch you later
INFO  Have a nice day
INFO  Catch you later
INFO  Good bye
INFO  Catch you later
INFO  Catch you later
INFO  See you again
INFO  Bye!
INFO  Catch you later
INFO  Bye!
INFO  Hexo is running at http://localhost:80/. Press Ctrl+C to stop.
INFO  Start processing
INFO  Hexo is running at http://localhost:80/. Press Ctrl+C to stop.
invalid "expiresInMinutes" option for string payload
jsonwebtoken: expiresInMinutes and expiresInSeconds is deprecated. (/home/ubuntu/hexo/blog/node_modules/hexo-hey/api.js:39:45)
Use "expiresIn" expressed in seconds.
invalid "expiresInMinutes" option for string payload
jsonwebtoken: expiresInMinutes and expiresInSeconds is deprecated. (/home/ubuntu/hexo/blog/node_modules/hexo-hey/api.js:39:45)
Use "expiresIn" expressed in seconds.
invalid "expiresInMinutes" option for string payload
jsonwebtoken: expiresInMinutes and expiresInSeconds is deprecated. (/home/ubuntu/hexo/blog/node_modules/hexo-hey/api.js:39:45)
Use "expiresIn" expressed in seconds.
TypeError: Cannot read property '_id' of undefined
    at /home/ubuntu/hexo/blog/node_modules/hexo-hey/api.js:127:19
    at tryCatcher (/home/ubuntu/hexo/blog/node_modules/bluebird/js/release/util.js:16:23)
    at Promise._settlePromiseFromHandler (/home/ubuntu/hexo/blog/node_modules/bluebird/js/release/promise.js:510:31)
    at Promise._settlePromise (/home/ubuntu/hexo/blog/node_modules/bluebird/js/release/promise.js:567:18)
    at Promise._settlePromise0 (/home/ubuntu/hexo/blog/node_modules/bluebird/js/release/promise.js:612:10)
    at Promise._settlePromises (/home/ubuntu/hexo/blog/node_modules/bluebird/js/release/promise.js:691:18)
    at Async._drainQueue (/home/ubuntu/hexo/blog/node_modules/bluebird/js/release/async.js:133:16)
    at Async._drainQueues (/home/ubuntu/hexo/blog/node_modules/bluebird/js/release/async.js:143:10)
    at Immediate.Async.drainQueues (/home/ubuntu/hexo/blog/node_modules/bluebird/js/release/async.js:17:14)
    at runCallback (timers.js:666:20)
    at tryOnImmediate (timers.js:639:5)
    at processImmediate [as _immediateCallback] (timers.js:611:5)
invalid "expiresInMinutes" option for string payload
jsonwebtoken: expiresInMinutes and expiresInSeconds is deprecated. (/home/ubuntu/hexo/blog/node_modules/hexo-hey/api.js:39:45)
Use "expiresIn" expressed in seconds.
invalid "expiresInMinutes" option for string payload
jsonwebtoken: expiresInMinutes and expiresInSeconds is deprecated. (/home/ubuntu/hexo/blog/node_modules/hexo-hey/api.js:39:45)
Use "expiresIn" expressed in seconds.
